<?xml version="1.0" encoding="UTF-8"?>
<!-- Generated by org.testng.reporters.JUnitXMLReporter -->
<testsuite hostname="Kannapi" ignored="0" name="Default test" tests="3" failures="0" timestamp="06 Jan 2023 02:27:40 GMT" time="58.437" errors="0">
  <testcase name="allCheckboxSelectedAndClickSelectButton" time="2.493" classname="com.obsqura.selenium.TestNGSample.MultipleCheckboxSelection"/>
  <testcase name="allMultipleCheckboxSelection" time="6.581" classname="com.obsqura.selenium.TestNGSample.MultipleCheckboxSelection"/>
  <testcase name="noMultipleCheckboxSelection" time="1.508" classname="com.obsqura.selenium.TestNGSample.MultipleCheckboxSelection"/>
</testsuite> <!-- Default test -->
