<?xml version="1.0" encoding="UTF-8"?>
<testng-results skipped="0" failed="0" ignored="0" total="3" passed="3">
  <reporter-output>
  </reporter-output>
  <suite name="Default suite" duration-ms="58437" started-at="2023-01-06T02:26:41Z" finished-at="2023-01-06T02:27:40Z">
    <groups>
      <group name="Regression">
        <method signature="MultipleCheckboxSelection.allMultipleCheckboxSelection()[pri:0, instance:com.obsqura.selenium.TestNGSample.MultipleCheckboxSelection@59ec2012]" name="allMultipleCheckboxSelection" class="com.obsqura.selenium.TestNGSample.MultipleCheckboxSelection"/>
      </group> <!-- Regression -->
    </groups>
    <test name="Default test" duration-ms="58437" started-at="2023-01-06T02:26:41Z" finished-at="2023-01-06T02:27:40Z">
      <class name="com.obsqura.selenium.TestNGSample.MultipleCheckboxSelection">
        <test-method status="PASS" signature="initialiseBrowser()[pri:0, instance:com.obsqura.selenium.TestNGSample.MultipleCheckboxSelection@59ec2012]" name="initialiseBrowser" is-config="true" duration-ms="17870" started-at="2023-01-06T07:56:41Z" finished-at="2023-01-06T07:56:59Z">
          <reporter-output>
          </reporter-output>
        </test-method> <!-- initialiseBrowser -->
        <test-method status="PASS" signature="allCheckboxSelectedAndClickSelectButton()[pri:0, instance:com.obsqura.selenium.TestNGSample.MultipleCheckboxSelection@59ec2012]" name="allCheckboxSelectedAndClickSelectButton" duration-ms="2493" started-at="2023-01-06T07:56:59Z" finished-at="2023-01-06T07:57:02Z">
          <reporter-output>
          </reporter-output>
        </test-method> <!-- allCheckboxSelectedAndClickSelectButton -->
        <test-method status="PASS" signature="initialiseBrowser()[pri:0, instance:com.obsqura.selenium.TestNGSample.MultipleCheckboxSelection@59ec2012]" name="initialiseBrowser" is-config="true" duration-ms="13901" started-at="2023-01-06T07:57:02Z" finished-at="2023-01-06T07:57:16Z">
          <reporter-output>
          </reporter-output>
        </test-method> <!-- initialiseBrowser -->
        <test-method status="PASS" signature="allMultipleCheckboxSelection()[pri:0, instance:com.obsqura.selenium.TestNGSample.MultipleCheckboxSelection@59ec2012]" name="allMultipleCheckboxSelection" duration-ms="6581" started-at="2023-01-06T07:57:16Z" finished-at="2023-01-06T07:57:22Z">
          <reporter-output>
          </reporter-output>
        </test-method> <!-- allMultipleCheckboxSelection -->
        <test-method status="PASS" signature="initialiseBrowser()[pri:0, instance:com.obsqura.selenium.TestNGSample.MultipleCheckboxSelection@59ec2012]" name="initialiseBrowser" is-config="true" duration-ms="15534" started-at="2023-01-06T07:57:22Z" finished-at="2023-01-06T07:57:38Z">
          <reporter-output>
          </reporter-output>
        </test-method> <!-- initialiseBrowser -->
        <test-method status="PASS" signature="noMultipleCheckboxSelection()[pri:0, instance:com.obsqura.selenium.TestNGSample.MultipleCheckboxSelection@59ec2012]" name="noMultipleCheckboxSelection" duration-ms="1508" started-at="2023-01-06T07:57:38Z" finished-at="2023-01-06T07:57:39Z">
          <reporter-output>
          </reporter-output>
        </test-method> <!-- noMultipleCheckboxSelection -->
      </class> <!-- com.obsqura.selenium.TestNGSample.MultipleCheckboxSelection -->
    </test> <!-- Default test -->
  </suite> <!-- Default suite -->
</testng-results>
