<?xml version="1.0" encoding="UTF-8"?>
<testng-results skipped="0" failed="1" ignored="0" total="1" passed="0">
  <reporter-output>
  </reporter-output>
  <suite name="Default suite" duration-ms="5481" started-at="2023-01-06T21:46:25Z" finished-at="2023-01-06T21:46:31Z">
    <groups>
    </groups>
    <test name="Default test" duration-ms="5481" started-at="2023-01-06T21:46:25Z" finished-at="2023-01-06T21:46:31Z">
      <class name="com.obsqura.selenium.pageObjectModel_POM.SimpleFormDemoPageFactoryTest">
        <test-method status="PASS" signature="initialiseBrowser()[pri:0, instance:com.obsqura.selenium.pageObjectModel_POM.SimpleFormDemoPageFactoryTest@25bbe1b6]" name="initialiseBrowser" is-config="true" duration-ms="4378" started-at="2023-01-07T03:16:25Z" finished-at="2023-01-07T03:16:30Z">
          <reporter-output>
          </reporter-output>
        </test-method> <!-- initialiseBrowser -->
        <test-method status="FAIL" signature="verifySelectInput()[pri:0, instance:com.obsqura.selenium.pageObjectModel_POM.SimpleFormDemoPageFactoryTest@25bbe1b6]" name="verifySelectInput" duration-ms="936" started-at="2023-01-07T03:16:30Z" finished-at="2023-01-07T03:16:31Z">
          <exception class="java.lang.NullPointerException">
            <full-stacktrace>
              <![CDATA[java.lang.NullPointerException
	at utilities.ExcelUtility.getStringMultiColor(ExcelUtility.java:52)
	at pages.SimpleFormDemoPageFactory.verifySingleInputField(SimpleFormDemoPageFactory.java:38)
	at com.obsqura.selenium.pageObjectModel_POM.SimpleFormDemoPageFactoryTest.verifySelectInput(SimpleFormDemoPageFactoryTest.java:14)
	at sun.reflect.NativeMethodAccessorImpl.invoke0(Native Method)
	at sun.reflect.NativeMethodAccessorImpl.invoke(Unknown Source)
	at sun.reflect.DelegatingMethodAccessorImpl.invoke(Unknown Source)
	at java.lang.reflect.Method.invoke(Unknown Source)
	at org.testng.internal.MethodInvocationHelper.invokeMethod(MethodInvocationHelper.java:108)
	at org.testng.internal.Invoker.invokeMethod(Invoker.java:661)
	at org.testng.internal.Invoker.invokeTestMethod(Invoker.java:869)
	at org.testng.internal.Invoker.invokeTestMethods(Invoker.java:1193)
	at org.testng.internal.TestMethodWorker.invokeTestMethods(TestMethodWorker.java:126)
	at org.testng.internal.TestMethodWorker.run(TestMethodWorker.java:109)
	at org.testng.TestRunner.privateRun(TestRunner.java:744)
	at org.testng.TestRunner.run(TestRunner.java:602)
	at org.testng.SuiteRunner.runTest(SuiteRunner.java:380)
	at org.testng.SuiteRunner.runSequentially(SuiteRunner.java:375)
	at org.testng.SuiteRunner.privateRun(SuiteRunner.java:340)
	at org.testng.SuiteRunner.run(SuiteRunner.java:289)
	at org.testng.SuiteRunnerWorker.runSuite(SuiteRunnerWorker.java:52)
	at org.testng.SuiteRunnerWorker.run(SuiteRunnerWorker.java:86)
	at org.testng.TestNG.runSuitesSequentially(TestNG.java:1301)
	at org.testng.TestNG.runSuitesLocally(TestNG.java:1226)
	at org.testng.TestNG.runSuites(TestNG.java:1144)
	at org.testng.TestNG.run(TestNG.java:1115)
	at org.testng.remote.AbstractRemoteTestNG.run(AbstractRemoteTestNG.java:132)
	at org.testng.remote.RemoteTestNG.initAndRun(RemoteTestNG.java:230)
	at org.testng.remote.RemoteTestNG.main(RemoteTestNG.java:76)
]]>
            </full-stacktrace>
          </exception> <!-- java.lang.NullPointerException -->
          <reporter-output>
          </reporter-output>
        </test-method> <!-- verifySelectInput -->
        <test-method status="PASS" signature="closeBrowser()[pri:0, instance:com.obsqura.selenium.pageObjectModel_POM.SimpleFormDemoPageFactoryTest@25bbe1b6]" name="closeBrowser" is-config="true" duration-ms="150" started-at="2023-01-07T03:16:31Z" finished-at="2023-01-07T03:16:31Z">
          <reporter-output>
          </reporter-output>
        </test-method> <!-- closeBrowser -->
      </class> <!-- com.obsqura.selenium.pageObjectModel_POM.SimpleFormDemoPageFactoryTest -->
    </test> <!-- Default test -->
  </suite> <!-- Default suite -->
</testng-results>
