<?xml version="1.0" encoding="UTF-8"?>
<testng-results skipped="0" failed="0" ignored="0" total="1" passed="1">
  <reporter-output>
  </reporter-output>
  <suite name="Default suite" duration-ms="10072" started-at="2022-11-26T22:01:30Z" finished-at="2022-11-26T22:01:40Z">
    <groups>
    </groups>
    <test name="Default test" duration-ms="10072" started-at="2022-11-26T22:01:30Z" finished-at="2022-11-26T22:01:40Z">
      <class name="com.obsqura.selenium.TestNGHomeworks.DifferentLocators">
        <test-method status="PASS" signature="startBrowser()[pri:0, instance:com.obsqura.selenium.TestNGHomeworks.DifferentLocators@4cf777e8]" name="startBrowser" is-config="true" duration-ms="9654" started-at="2022-11-27T03:31:30Z" finished-at="2022-11-27T03:31:39Z">
          <reporter-output>
          </reporter-output>
        </test-method> <!-- startBrowser -->
        <test-method status="PASS" signature="locateByID()[pri:0, instance:com.obsqura.selenium.TestNGHomeworks.DifferentLocators@4cf777e8]" name="locateByID" duration-ms="180" started-at="2022-11-27T03:31:39Z" finished-at="2022-11-27T03:31:39Z">
          <reporter-output>
          </reporter-output>
        </test-method> <!-- locateByID -->
        <test-method status="PASS" signature="endSession()[pri:0, instance:com.obsqura.selenium.TestNGHomeworks.DifferentLocators@4cf777e8]" name="endSession" is-config="true" duration-ms="186" started-at="2022-11-27T03:31:39Z" finished-at="2022-11-27T03:31:40Z">
          <reporter-output>
          </reporter-output>
        </test-method> <!-- endSession -->
      </class> <!-- com.obsqura.selenium.TestNGHomeworks.DifferentLocators -->
    </test> <!-- Default test -->
  </suite> <!-- Default suite -->
</testng-results>
